#
# There is insufficient memory for the Java Runtime Environment to continue.
# Native memory allocation (malloc) failed to allocate 457536 bytes for Chunk::new
# Possible reasons:
#   The system is out of physical RAM or swap space
#   In 32 bit mode, the process size limit was hit
# Possible solutions:
#   Reduce memory load on the system
#   Increase physical memory or swap space
#   Check if swap backing store is full
#   Use 64 bit Java on a 64 bit OS
#   Decrease Java heap size (-Xmx/-Xms)
#   Decrease number of Java threads
#   Decrease Java thread stack sizes (-Xss)
#   Set larger code cache with -XX:ReservedCodeCacheSize=
# This output file may be truncated or incomplete.
#
#  Out of Memory Error (allocation.cpp:390), pid=18180, tid=0x0000000000009558
#
# JRE version: Java(TM) SE Runtime Environment (8.0_181-b13) (build 1.8.0_181-b13)
# Java VM: Java HotSpot(TM) 64-Bit Server VM (25.181-b13 mixed mode windows-amd64 compressed oops)
# Failed to write core dump. Minidumps are not enabled by default on client versions of Windows
#

---------------  T H R E A D  ---------------

Current thread (0x0000000019f77000):  JavaThread "C2 CompilerThread2" daemon [_thread_in_native, id=38232, stack(0x000000001a8d0000,0x000000001a9d0000)]

Stack: [0x000000001a8d0000,0x000000001a9d0000]
[error occurred during error reporting (printing stack bounds), id 0xc0000005]

Native frames: (J=compiled Java code, j=interpreted, Vv=VM code, C=native code)


Current CompileTask:
C2:   4335 4159       4       org.springframework.beans.factory.support.AbstractBeanFactory::isTypeMatch (510 bytes)


---------------  P R O C E S S  ---------------

Java Threads: ( => current thread )
  0x000000001ae60800 JavaThread "HikariPool-1 connection adder" daemon [_thread_blocked, id=3632, stack(0x00000000225b0000,0x00000000226b0000)]
  0x000000001ae60000 JavaThread "HikariPool-1 housekeeper" daemon [_thread_blocked, id=38704, stack(0x00000000224b0000,0x00000000225b0000)]
  0x0000000021941800 JavaThread "Abandoned connection cleanup thread" daemon [_thread_blocked, id=24640, stack(0x000000001e610000,0x000000001e710000)]
  0x000000001af89800 JavaThread "ReaderThread" [_thread_in_native, id=35760, stack(0x000000001b4d0000,0x000000001b5d0000)]
  0x000000001a018800 JavaThread "Service Thread" daemon [_thread_blocked, id=29376, stack(0x000000001aad0000,0x000000001abd0000)]
  0x0000000019f79800 JavaThread "C1 CompilerThread3" daemon [_thread_blocked, id=30332, stack(0x000000001a9d0000,0x000000001aad0000)]
=>0x0000000019f77000 JavaThread "C2 CompilerThread2" daemon [_thread_in_native, id=38232, stack(0x000000001a8d0000,0x000000001a9d0000)]
  0x0000000019f70800 JavaThread "C2 CompilerThread1" daemon [_thread_in_native, id=29112, stack(0x000000001a7d0000,0x000000001a8d0000)]
  0x0000000019f6d800 JavaThread "C2 CompilerThread0" daemon [_thread_in_native, id=19736, stack(0x000000001a6d0000,0x000000001a7d0000)]
  0x0000000019f6c000 JavaThread "Attach Listener" daemon [_thread_blocked, id=24100, stack(0x000000001a5d0000,0x000000001a6d0000)]
  0x0000000019f6b800 JavaThread "Signal Dispatcher" daemon [_thread_blocked, id=26580, stack(0x000000001a4d0000,0x000000001a5d0000)]
  0x0000000019f00800 JavaThread "Finalizer" daemon [_thread_blocked, id=30200, stack(0x000000001a2e0000,0x000000001a3e0000)]
  0x00000000030cc000 JavaThread "Reference Handler" daemon [_thread_blocked, id=30116, stack(0x0000000019de0000,0x0000000019ee0000)]
  0x0000000002fd6000 JavaThread "main" [_thread_in_Java, id=35500, stack(0x0000000002ed0000,0x0000000002fd0000)]

Other Threads:
  0x0000000017fe9800 VMThread [stack: 0x0000000019ce0000,0x0000000019de0000] [id=31604]
  0x000000001a063000 WatcherThread [stack: 0x000000001abd0000,0x000000001acd0000] [id=38140]

VM state:not at safepoint (normal execution)

VM Mutex/Monitor currently owned by a thread: None

Heap:
 PSYoungGen      total 224768K, used 166438K [0x00000000d6100000, 0x00000000e5300000, 0x0000000100000000)
  eden space 214528K, 77% used [0x00000000d6100000,0x00000000e0389878,0x00000000e3280000)
  from space 10240K, 0% used [0x00000000e3e80000,0x00000000e3e80000,0x00000000e4880000)
  to   space 12288K, 0% used [0x00000000e3280000,0x00000000e3280000,0x00000000e3e80000)
 ParOldGen       total 46592K, used 15991K [0x0000000082200000, 0x0000000084f80000, 0x00000000d6100000)
  object space 46592K, 34% used [0x0000000082200000,0x000000008319dec0,0x0000000084f80000)
 Metaspace       used 47171K, capacity 49176K, committed 49320K, reserved 1091584K
  class space    used 6398K, capacity 6755K, committed 6824K, reserved 1048576K

Card table byte_map: [0x0000000012490000,0x0000000012880000] byte_map_base: 0x000000001207f000

Marking Bits: (ParMarkBitMap*) 0x0000000070832d00
 Begin Bits: [0x0000000013320000, 0x0000000015298000)
 End Bits:   [0x0000000015298000, 0x0000000017210000)

Polling page: 0x0000000001180000

CodeCache: size=245760Kb used=15438Kb max_used=15438Kb free=230321Kb
 bounds [0x00000000030d0000, 0x0000000003ff0000, 0x00000000120d0000]
 total_blobs=4732 nmethods=4200 adapters=444
 compilation: enabled

Compilation events (10 events):
Event: 4.332 Thread 0x0000000019f79800 4234       3       org.springframework.asm.Item::<init> (5 bytes)
Event: 4.332 Thread 0x0000000019f79800 nmethod 4234 0x0000000003fe7750 code [0x0000000003fe78a0, 0x0000000003fe7a50]
Event: 4.332 Thread 0x0000000019f79800 4235       3       org.springframework.cglib.core.CollectionUtils::transform (54 bytes)
Event: 4.333 Thread 0x0000000019f79800 nmethod 4235 0x0000000003fe7b10 code [0x0000000003fe7d20, 0x0000000003fe8888]
Event: 4.333 Thread 0x0000000019f79800 4236       3       org.springframework.cglib.core.EmitUtils::member_helper_size (48 bytes)
Event: 4.333 Thread 0x0000000019f79800 nmethod 4236 0x0000000003fe8e10 code [0x0000000003fe8fe0, 0x0000000003fe97b8]
Event: 4.333 Thread 0x0000000019f79800 4238       3       org.springframework.cglib.reflect.FastClassEmitter$4::processCase (113 bytes)
Event: 4.334 Thread 0x0000000019f79800 nmethod 4238 0x0000000003fe9b90 code [0x0000000003fe9e80, 0x0000000003feb2d8]
Event: 4.334 Thread 0x0000000019f79800 4237       3       org.springframework.cglib.core.EmitUtils$13::<init> (10 bytes)
Event: 4.334 Thread 0x0000000019f79800 nmethod 4237 0x0000000003febed0 code [0x0000000003fec020, 0x0000000003fec1f0]

GC Heap History (10 events):
Event: 1.229 GC heap before
{Heap before GC invocations=6 (full 1):
 PSYoungGen      total 70656K, used 5110K [0x00000000d6100000, 0x00000000df300000, 0x0000000100000000)
  eden space 65536K, 0% used [0x00000000d6100000,0x00000000d6100000,0x00000000da100000)
  from space 5120K, 99% used [0x00000000da100000,0x00000000da5fd8a0,0x00000000da600000)
  to   space 9216K, 0% used [0x00000000dea00000,0x00000000dea00000,0x00000000df300000)
 ParOldGen       total 86016K, used 5649K [0x0000000082200000, 0x0000000087600000, 0x00000000d6100000)
  object space 86016K, 6% used [0x0000000082200000,0x00000000827844a0,0x0000000087600000)
 Metaspace       used 20654K, capacity 21214K, committed 21296K, reserved 1067008K
  class space    used 2681K, capacity 2838K, committed 2864K, reserved 1048576K
Event: 1.259 GC heap after
Heap after GC invocations=6 (full 1):
 PSYoungGen      total 70656K, used 0K [0x00000000d6100000, 0x00000000df300000, 0x0000000100000000)
  eden space 65536K, 0% used [0x00000000d6100000,0x00000000d6100000,0x00000000da100000)
  from space 5120K, 0% used [0x00000000da100000,0x00000000da100000,0x00000000da600000)
  to   space 9216K, 0% used [0x00000000dea00000,0x00000000dea00000,0x00000000df300000)
 ParOldGen       total 46592K, used 5170K [0x0000000082200000, 0x0000000084f80000, 0x00000000d6100000)
  object space 46592K, 11% used [0x0000000082200000,0x000000008270cb40,0x0000000084f80000)
 Metaspace       used 20654K, capacity 21214K, committed 21296K, reserved 1067008K
  class space    used 2681K, capacity 2838K, committed 2864K, reserved 1048576K
}
Event: 1.487 GC heap before
{Heap before GC invocations=7 (full 1):
 PSYoungGen      total 70656K, used 65511K [0x00000000d6100000, 0x00000000df300000, 0x0000000100000000)
  eden space 65536K, 99% used [0x00000000d6100000,0x00000000da0f9f48,0x00000000da100000)
  from space 5120K, 0% used [0x00000000da100000,0x00000000da100000,0x00000000da600000)
  to   space 9216K, 0% used [0x00000000dea00000,0x00000000dea00000,0x00000000df300000)
 ParOldGen       total 46592K, used 5170K [0x0000000082200000, 0x0000000084f80000, 0x00000000d6100000)
  object space 46592K, 11% used [0x0000000082200000,0x000000008270cb40,0x0000000084f80000)
 Metaspace       used 23821K, capacity 24504K, committed 24624K, reserved 1071104K
  class space    used 3097K, capacity 3285K, committed 3376K, reserved 1048576K
Event: 1.490 GC heap after
Heap after GC invocations=7 (full 1):
 PSYoungGen      total 125440K, used 4700K [0x00000000d6100000, 0x00000000def00000, 0x0000000100000000)
  eden space 120320K, 0% used [0x00000000d6100000,0x00000000d6100000,0x00000000dd680000)
  from space 5120K, 91% used [0x00000000dea00000,0x00000000dee97108,0x00000000def00000)
  to   space 9216K, 0% used [0x00000000ddd00000,0x00000000ddd00000,0x00000000de600000)
 ParOldGen       total 46592K, used 5242K [0x0000000082200000, 0x0000000084f80000, 0x00000000d6100000)
  object space 46592K, 11% used [0x0000000082200000,0x000000008271eb50,0x0000000084f80000)
 Metaspace       used 23821K, capacity 24504K, committed 24624K, reserved 1071104K
  class space    used 3097K, capacity 3285K, committed 3376K, reserved 1048576K
}
Event: 2.219 GC heap before
{Heap before GC invocations=8 (full 1):
 PSYoungGen      total 125440K, used 125020K [0x00000000d6100000, 0x00000000def00000, 0x0000000100000000)
  eden space 120320K, 100% used [0x00000000d6100000,0x00000000dd680000,0x00000000dd680000)
  from space 5120K, 91% used [0x00000000dea00000,0x00000000dee97108,0x00000000def00000)
  to   space 9216K, 0% used [0x00000000ddd00000,0x00000000ddd00000,0x00000000de600000)
 ParOldGen       total 46592K, used 5242K [0x0000000082200000, 0x0000000084f80000, 0x00000000d6100000)
  object space 46592K, 11% used [0x0000000082200000,0x000000008271eb50,0x0000000084f80000)
 Metaspace       used 29103K, capacity 30190K, committed 30512K, reserved 1075200K
  class space    used 3826K, capacity 4054K, committed 4144K, reserved 1048576K
Event: 2.229 GC heap after
Heap after GC invocations=8 (full 1):
 PSYoungGen      total 136192K, used 9190K [0x00000000d6100000, 0x00000000e4880000, 0x0000000100000000)
  eden space 126976K, 0% used [0x00000000d6100000,0x00000000d6100000,0x00000000ddd00000)
  from space 9216K, 99% used [0x00000000ddd00000,0x00000000de5f9a70,0x00000000de600000)
  to   space 10240K, 0% used [0x00000000e3e80000,0x00000000e3e80000,0x00000000e4880000)
 ParOldGen       total 46592K, used 5526K [0x0000000082200000, 0x0000000084f80000, 0x00000000d6100000)
  object space 46592K, 11% used [0x0000000082200000,0x0000000082765b00,0x0000000084f80000)
 Metaspace       used 29103K, capacity 30190K, committed 30512K, reserved 1075200K
  class space    used 3826K, capacity 4054K, committed 4144K, reserved 1048576K
}
Event: 2.766 GC heap before
{Heap before GC invocations=9 (full 1):
 PSYoungGen      total 136192K, used 82551K [0x00000000d6100000, 0x00000000e4880000, 0x0000000100000000)
  eden space 126976K, 57% used [0x00000000d6100000,0x00000000da8a4390,0x00000000ddd00000)
  from space 9216K, 99% used [0x00000000ddd00000,0x00000000de5f9a70,0x00000000de600000)
  to   space 10240K, 0% used [0x00000000e3e80000,0x00000000e3e80000,0x00000000e4880000)
 ParOldGen       total 46592K, used 5526K [0x0000000082200000, 0x0000000084f80000, 0x00000000d6100000)
  object space 46592K, 11% used [0x0000000082200000,0x0000000082765b00,0x0000000084f80000)
 Metaspace       used 34066K, capacity 35298K, committed 35496K, reserved 1079296K
  class space    used 4645K, capacity 4918K, committed 5032K, reserved 1048576K
Event: 2.774 GC heap after
Heap after GC invocations=9 (full 1):
 PSYoungGen      total 224768K, used 10209K [0x00000000d6100000, 0x00000000e5300000, 0x0000000100000000)
  eden space 214528K, 0% used [0x00000000d6100000,0x00000000d6100000,0x00000000e3280000)
  from space 10240K, 99% used [0x00000000e3e80000,0x00000000e48784d8,0x00000000e4880000)
  to   space 12288K, 0% used [0x00000000e3280000,0x00000000e3280000,0x00000000e3e80000)
 ParOldGen       total 46592K, used 6868K [0x0000000082200000, 0x0000000084f80000, 0x00000000d6100000)
  object space 46592K, 14% used [0x0000000082200000,0x00000000828b5218,0x0000000084f80000)
 Metaspace       used 34066K, capacity 35298K, committed 35496K, reserved 1079296K
  class space    used 4645K, capacity 4918K, committed 5032K, reserved 1048576K
}
Event: 2.774 GC heap before
{Heap before GC invocations=10 (full 2):
 PSYoungGen      total 224768K, used 10209K [0x00000000d6100000, 0x00000000e5300000, 0x0000000100000000)
  eden space 214528K, 0% used [0x00000000d6100000,0x00000000d6100000,0x00000000e3280000)
  from space 10240K, 99% used [0x00000000e3e80000,0x00000000e48784d8,0x00000000e4880000)
  to   space 12288K, 0% used [0x00000000e3280000,0x00000000e3280000,0x00000000e3e80000)
 ParOldGen       total 46592K, used 6868K [0x0000000082200000, 0x0000000084f80000, 0x00000000d6100000)
  object space 46592K, 14% used [0x0000000082200000,0x00000000828b5218,0x0000000084f80000)
 Metaspace       used 34066K, capacity 35298K, committed 35496K, reserved 1079296K
  class space    used 4645K, capacity 4918K, committed 5032K, reserved 1048576K
Event: 2.833 GC heap after
Heap after GC invocations=10 (full 2):
 PSYoungGen      total 224768K, used 0K [0x00000000d6100000, 0x00000000e5300000, 0x0000000100000000)
  eden space 214528K, 0% used [0x00000000d6100000,0x00000000d6100000,0x00000000e3280000)
  from space 10240K, 0% used [0x00000000e3e80000,0x00000000e3e80000,0x00000000e4880000)
  to   space 12288K, 0% used [0x00000000e3280000,0x00000000e3280000,0x00000000e3e80000)
 ParOldGen       total 46592K, used 15991K [0x0000000082200000, 0x0000000084f80000, 0x00000000d6100000)
  object space 46592K, 34% used [0x0000000082200000,0x000000008319dec0,0x0000000084f80000)
 Metaspace       used 34066K, capacity 35298K, committed 35496K, reserved 1079296K
  class space    used 4645K, capacity 4918K, committed 5032K, reserved 1048576K
}

Deoptimization events (10 events):
Event: 4.102 Thread 0x0000000002fd6000 Uncommon trap: reason=class_check action=maybe_recompile pc=0x0000000003c9081c method=java.util.regex.Matcher.search(I)Z @ 86
Event: 4.102 Thread 0x0000000002fd6000 Uncommon trap: reason=class_check action=maybe_recompile pc=0x0000000003c9081c method=java.util.regex.Matcher.search(I)Z @ 86
Event: 4.168 Thread 0x0000000002fd6000 Uncommon trap: reason=class_check action=maybe_recompile pc=0x0000000003c0ae70 method=org.springframework.beans.factory.support.AbstractBeanFactory.isTypeMatch(Ljava/lang/String;Lorg/springframework/core/ResolvableType;)Z @ 47
Event: 4.229 Thread 0x0000000002fd6000 Uncommon trap: reason=class_check action=maybe_recompile pc=0x0000000003c0ae70 method=org.springframework.beans.factory.support.AbstractBeanFactory.isTypeMatch(Ljava/lang/String;Lorg/springframework/core/ResolvableType;)Z @ 47
Event: 4.237 Thread 0x0000000002fd6000 Uncommon trap: reason=unstable_if action=reinterpret pc=0x000000000355df9c method=java.io.WinNTFileSystem.isLetter(C)Z @ 3
Event: 4.240 Thread 0x0000000002fd6000 Uncommon trap: reason=class_check action=maybe_recompile pc=0x0000000003c2fc60 method=org.springframework.boot.context.properties.source.ConfigurationPropertyName.elementEquals(Ljava/lang/CharSequence;Ljava/lang/CharSequence;)Z @ 1
Event: 4.240 Thread 0x0000000002fd6000 Uncommon trap: reason=class_check action=maybe_recompile pc=0x00000000038b61f0 method=org.springframework.boot.context.properties.source.ConfigurationPropertyName.isIndexed(Ljava/lang/CharSequence;)Z @ 2
Event: 4.240 Thread 0x0000000002fd6000 Uncommon trap: reason=class_check action=maybe_recompile pc=0x00000000038b61f0 method=org.springframework.boot.context.properties.source.ConfigurationPropertyName.isIndexed(Ljava/lang/CharSequence;)Z @ 2
Event: 4.240 Thread 0x0000000002fd6000 Uncommon trap: reason=class_check action=maybe_recompile pc=0x00000000038b61f0 method=org.springframework.boot.context.properties.source.ConfigurationPropertyName.isIndexed(Ljava/lang/CharSequence;)Z @ 2
Event: 4.240 Thread 0x0000000002fd6000 Uncommon trap: reason=class_check action=maybe_recompile pc=0x00000000038b61f0 method=org.springframework.boot.context.properties.source.ConfigurationPropertyName.isIndexed(Ljava/lang/CharSequence;)Z @ 2

Classes redefined (0 events):
No events

Internal exceptions (10 events):
Event: 4.323 Thread 0x0000000002fd6000 Exception <a 'java/lang/ClassNotFoundException': java/lang/ObjectCustomizer> (0x00000000dfe8e248) thrown at [C:\re\workspace\8-2-build-windows-amd64-cygwin\jdk8u181\11358\hotspot\src\share\vm\classfile\systemDictionary.cpp, line 210]
Event: 4.324 Thread 0x0000000002fd6000 Exception <a 'java/lang/ClassNotFoundException': javax/servlet/MultipartConfigElementCustomizer> (0x00000000dfeacc68) thrown at [C:\re\workspace\8-2-build-windows-amd64-cygwin\jdk8u181\11358\hotspot\src\share\vm\classfile\systemDictionary.cpp, line 210]
Event: 4.325 Thread 0x0000000002fd6000 Exception <a 'java/lang/ClassNotFoundException': java/lang/ObjectCustomizer> (0x00000000dfec4140) thrown at [C:\re\workspace\8-2-build-windows-amd64-cygwin\jdk8u181\11358\hotspot\src\share\vm\classfile\systemDictionary.cpp, line 210]
Event: 4.326 Thread 0x0000000002fd6000 Exception <a 'java/lang/ClassNotFoundException': org/springframework/boot/autoconfigure/web/servlet/DispatcherServletAutoConfiguration$DispatcherServletRegistrationConfigurationCustomizer> (0x00000000dff00aa8) thrown at [C:\re\workspace\8-2-build-windows-
Event: 4.326 Thread 0x0000000002fd6000 Exception <a 'java/lang/ClassNotFoundException': org/springframework/boot/autoconfigure/web/servlet/DispatcherServletAutoConfiguration$DispatcherServletRegistrationConfiguration$$EnhancerBySpringCGLIB$$408a3467Customizer> (0x00000000dff48538) thrown at [C
Event: 4.327 Thread 0x0000000002fd6000 Exception <a 'java/lang/ClassNotFoundException': org/springframework/context/annotation/ConfigurationClassEnhancer$EnhancedConfigurationCustomizer> (0x00000000dff7c460) thrown at [C:\re\workspace\8-2-build-windows-amd64-cygwin\jdk8u181\11358\hotspot\src\s
Event: 4.329 Thread 0x0000000002fd6000 Exception <a 'java/lang/ClassNotFoundException': java/lang/ObjectCustomizer> (0x00000000dffb5c58) thrown at [C:\re\workspace\8-2-build-windows-amd64-cygwin\jdk8u181\11358\hotspot\src\share\vm\classfile\systemDictionary.cpp, line 210]
Event: 4.330 Thread 0x0000000002fd6000 Exception <a 'java/lang/ClassNotFoundException': org/springframework/boot/autoconfigure/web/servlet/DispatcherServletAutoConfiguration$DispatcherServletConfigurationCustomizer> (0x00000000dffeec88) thrown at [C:\re\workspace\8-2-build-windows-amd64-cygwin
Event: 4.330 Thread 0x0000000002fd6000 Exception <a 'java/lang/ClassNotFoundException': org/springframework/boot/autoconfigure/web/servlet/DispatcherServletAutoConfiguration$DispatcherServletConfiguration$$EnhancerBySpringCGLIB$$de829fc0Customizer> (0x00000000e00334d8) thrown at [C:\re\workspa
Event: 4.331 Thread 0x0000000002fd6000 Exception <a 'java/lang/ClassNotFoundException': org/springframework/context/annotation/ConfigurationClassEnhancer$EnhancedConfigurationCustomizer> (0x00000000e0068868) thrown at [C:\re\workspace\8-2-build-windows-amd64-cygwin\jdk8u181\11358\hotspot\src\s

Events (10 events):
Event: 4.330 loading class org/springframework/boot/autoconfigure/web/servlet/DispatcherServletAutoConfiguration$DispatcherServletConfiguration$$EnhancerBySpringCGLIB$$de829fc0Customizer
Event: 4.330 loading class org/springframework/boot/autoconfigure/web/servlet/DispatcherServletAutoConfiguration$DispatcherServletConfiguration$$EnhancerBySpringCGLIB$$de829fc0Customizer done
Event: 4.330 loading class org/springframework/context/annotation/ConfigurationClassEnhancer$EnhancedConfigurationCustomizer
Event: 4.330 loading class org/springframework/context/annotation/ConfigurationClassEnhancer$EnhancedConfigurationCustomizer done
Event: 4.331 loading class org/springframework/context/annotation/ConfigurationClassEnhancer$EnhancedConfigurationCustomizer
Event: 4.331 loading class org/springframework/context/annotation/ConfigurationClassEnhancer$EnhancedConfigurationCustomizer done
Event: 4.331 loading class org/springframework/context/annotation/ConfigurationClassEnhancer$EnhancedConfigurationCustomizer
Event: 4.331 loading class org/springframework/context/annotation/ConfigurationClassEnhancer$EnhancedConfigurationCustomizer done
Event: 4.334 loading class org/springframework/web/context/request/async/CallableProcessingInterceptor
Event: 4.334 loading class org/springframework/web/context/request/async/CallableProcessingInterceptor done


Dynamic libraries:
0x00007ff763b20000 - 0x00007ff763b57000 	C:\Program Files\Java\jre1.8.0_181\bin\javaw.exe
0x00007ffc70280000 - 0x00007ffc70461000 	C:\WINDOWS\SYSTEM32\ntdll.dll
0x00007ffc6f7a0000 - 0x00007ffc6f852000 	C:\WINDOWS\System32\KERNEL32.DLL
0x00007ffc6ced0000 - 0x00007ffc6d143000 	C:\WINDOWS\System32\KERNELBASE.dll
0x00007ffc70000000 - 0x00007ffc700a1000 	C:\WINDOWS\System32\ADVAPI32.dll
0x00007ffc701a0000 - 0x00007ffc7023e000 	C:\WINDOWS\System32\msvcrt.dll
0x00007ffc6f890000 - 0x00007ffc6f8eb000 	C:\WINDOWS\System32\sechost.dll
0x00007ffc6d7c0000 - 0x00007ffc6d8e4000 	C:\WINDOWS\System32\RPCRT4.dll
0x00007ffc6f290000 - 0x00007ffc6f420000 	C:\WINDOWS\System32\USER32.dll
0x00007ffc6c6f0000 - 0x00007ffc6c710000 	C:\WINDOWS\System32\win32u.dll
0x00007ffc6f860000 - 0x00007ffc6f888000 	C:\WINDOWS\System32\GDI32.dll
0x00007ffc6d200000 - 0x00007ffc6d392000 	C:\WINDOWS\System32\gdi32full.dll
0x00007ffc6c650000 - 0x00007ffc6c6ef000 	C:\WINDOWS\System32\msvcp_win.dll
0x00007ffc6d420000 - 0x00007ffc6d51a000 	C:\WINDOWS\System32\ucrtbase.dll
0x00007ffc59180000 - 0x00007ffc593e9000 	C:\WINDOWS\WinSxS\amd64_microsoft.windows.common-controls_6595b64144ccf1df_6.0.17134.285_none_fb4297e330656775\COMCTL32.dll
0x00007ffc6fcd0000 - 0x00007ffc6fff3000 	C:\WINDOWS\System32\combase.dll
0x00007ffc6d3a0000 - 0x00007ffc6d41a000 	C:\WINDOWS\System32\bcryptPrimitives.dll
0x00007ffc6ed30000 - 0x00007ffc6ed5d000 	C:\WINDOWS\System32\IMM32.DLL
0x000000006fa10000 - 0x000000006fae2000 	C:\Program Files\Java\jre1.8.0_181\bin\msvcr100.dll
0x0000000070010000 - 0x00000000708b2000 	C:\Program Files\Java\jre1.8.0_181\bin\server\jvm.dll
0x00007ffc6fba0000 - 0x00007ffc6fba8000 	C:\WINDOWS\System32\PSAPI.DLL
0x00007ffc62fe0000 - 0x00007ffc62fe9000 	C:\WINDOWS\SYSTEM32\WSOCK32.dll
0x00007ffc6f420000 - 0x00007ffc6f48c000 	C:\WINDOWS\System32\WS2_32.dll
0x00007ffc5f480000 - 0x00007ffc5f48a000 	C:\WINDOWS\SYSTEM32\VERSION.dll
0x00007ffc69b00000 - 0x00007ffc69b23000 	C:\WINDOWS\SYSTEM32\WINMM.dll
0x00007ffc696b0000 - 0x00007ffc696da000 	C:\WINDOWS\SYSTEM32\winmmbase.dll
0x00007ffc6c710000 - 0x00007ffc6c759000 	C:\WINDOWS\System32\cfgmgr32.dll
0x0000000070df0000 - 0x0000000070dff000 	C:\Program Files\Java\jre1.8.0_181\bin\verify.dll
0x0000000070d90000 - 0x0000000070db9000 	C:\Program Files\Java\jre1.8.0_181\bin\java.dll
0x0000000070d70000 - 0x0000000070d86000 	C:\Program Files\Java\jre1.8.0_181\bin\zip.dll
0x00007ffc6d8f0000 - 0x00007ffc6ed30000 	C:\WINDOWS\System32\SHELL32.dll
0x00007ffc6d710000 - 0x00007ffc6d7b9000 	C:\WINDOWS\System32\shcore.dll
0x00007ffc6c7c0000 - 0x00007ffc6cecd000 	C:\WINDOWS\System32\windows.storage.dll
0x00007ffc6f1b0000 - 0x00007ffc6f201000 	C:\WINDOWS\System32\shlwapi.dll
0x00007ffc6c590000 - 0x00007ffc6c5a1000 	C:\WINDOWS\System32\kernel.appcore.dll
0x00007ffc6c630000 - 0x00007ffc6c64f000 	C:\WINDOWS\System32\profapi.dll
0x00007ffc6c5b0000 - 0x00007ffc6c5fc000 	C:\WINDOWS\System32\powrprof.dll
0x00007ffc6c600000 - 0x00007ffc6c60a000 	C:\WINDOWS\System32\FLTLIB.DLL
0x0000000070d50000 - 0x0000000070d6a000 	C:\Program Files\Java\jre1.8.0_181\bin\net.dll
0x00007ffc6bd90000 - 0x00007ffc6bdf6000 	C:\WINDOWS\system32\mswsock.dll
0x0000000070d30000 - 0x0000000070d41000 	C:\Program Files\Java\jre1.8.0_181\bin\nio.dll
0x000000006fbb0000 - 0x000000006fbbd000 	C:\Program Files\Java\jre1.8.0_181\bin\management.dll
0x00007ffc49fa0000 - 0x00007ffc49fcf000 	C:\Program Files (x86)\Sangfor\SSL\ClientComponent\1_SangforNspX64.dll
0x00007ffc6f640000 - 0x00007ffc6f791000 	C:\WINDOWS\System32\ole32.dll
0x00007ffc6fad0000 - 0x00007ffc6fb92000 	C:\WINDOWS\System32\OLEAUT32.dll
0x00007ffc56930000 - 0x00007ffc56946000 	C:\WINDOWS\system32\napinsp.dll
0x00007ffc56990000 - 0x00007ffc569aa000 	C:\WINDOWS\system32\pnrpnsp.dll
0x00007ffc67c10000 - 0x00007ffc67c29000 	C:\WINDOWS\system32\NLAapi.dll
0x00007ffc6bb50000 - 0x00007ffc6bc0e000 	C:\WINDOWS\SYSTEM32\DNSAPI.dll
0x00007ffc70240000 - 0x00007ffc70248000 	C:\WINDOWS\System32\NSI.dll
0x00007ffc6bb10000 - 0x00007ffc6bb48000 	C:\WINDOWS\SYSTEM32\IPHLPAPI.DLL
0x00007ffc67e70000 - 0x00007ffc67e7e000 	C:\WINDOWS\System32\winrnr.dll
0x00007ffc2d690000 - 0x00007ffc2d80a000 	C:\Program Files (x86)\Sangfor\SSL\ClientComponent\SangforTcpX64.dll
0x00007ffc6c760000 - 0x00007ffc6c7b7000 	C:\WINDOWS\System32\WINTRUST.dll
0x00007ffc6c610000 - 0x00007ffc6c622000 	C:\WINDOWS\System32\MSASN1.dll
0x00007ffc6d520000 - 0x00007ffc6d702000 	C:\WINDOWS\System32\CRYPT32.dll
0x00007ffc63020000 - 0x00007ffc6302a000 	C:\Windows\System32\rasadhlp.dll
0x00007ffc66680000 - 0x00007ffc666f2000 	C:\WINDOWS\System32\fwpuclnt.dll
0x00007ffc6c070000 - 0x00007ffc6c095000 	C:\WINDOWS\SYSTEM32\bcrypt.dll
0x00007ffc6bf40000 - 0x00007ffc6bf57000 	C:\WINDOWS\SYSTEM32\CRYPTSP.dll
0x00007ffc6b970000 - 0x00007ffc6b9a3000 	C:\WINDOWS\system32\rsaenh.dll
0x00007ffc6c4c0000 - 0x00007ffc6c4e8000 	C:\WINDOWS\SYSTEM32\USERENV.dll
0x00007ffc6bf60000 - 0x00007ffc6bf6b000 	C:\WINDOWS\SYSTEM32\CRYPTBASE.dll
0x00007ffc66e50000 - 0x00007ffc66e66000 	C:\WINDOWS\SYSTEM32\dhcpcsvc6.DLL
0x00007ffc66dd0000 - 0x00007ffc66dea000 	C:\WINDOWS\SYSTEM32\dhcpcsvc.DLL

VM Arguments:
jvm_args: -ea -Dfile.encoding=UTF-8 
java_command: org.eclipse.jdt.internal.junit.runner.RemoteTestRunner -version 3 -port 56083 -testLoaderClass org.eclipse.jdt.internal.junit4.runner.JUnit4TestLoader -loaderpluginname org.eclipse.jdt.junit4.runtime -classNames com.kwong.boot.KwongBootApplicationTests
java_class_path (initial): I:\Workspace_Photon\boot\target\test-classes;I:\Workspace_Photon\boot\target\classes;C:\Users\kwong\.m2\repository\org\springframework\boot\spring-boot-starter-web\2.0.5.RELEASE\spring-boot-starter-web-2.0.5.RELEASE.jar;C:\Users\kwong\.m2\repository\org\springframework\boot\spring-boot-starter\2.0.5.RELEASE\spring-boot-starter-2.0.5.RELEASE.jar;C:\Users\kwong\.m2\repository\org\springframework\boot\spring-boot-starter-logging\2.0.5.RELEASE\spring-boot-starter-logging-2.0.5.RELEASE.jar;C:\Users\kwong\.m2\repository\ch\qos\logback\logback-classic\1.2.3\logback-classic-1.2.3.jar;C:\Users\kwong\.m2\repository\ch\qos\logback\logback-core\1.2.3\logback-core-1.2.3.jar;C:\Users\kwong\.m2\repository\org\apache\logging\log4j\log4j-to-slf4j\2.10.0\log4j-to-slf4j-2.10.0.jar;C:\Users\kwong\.m2\repository\org\apache\logging\log4j\log4j-api\2.10.0\log4j-api-2.10.0.jar;C:\Users\kwong\.m2\repository\org\slf4j\jul-to-slf4j\1.7.25\jul-to-slf4j-1.7.25.jar;C:\Users\kwong\.m2\repository\javax\annotation\javax.annotation-api\1.3.2\javax.annotation-api-1.3.2.jar;C:\Users\kwong\.m2\repository\org\yaml\snakeyaml\1.19\snakeyaml-1.19.jar;C:\Users\kwong\.m2\repository\org\springframework\boot\spring-boot-starter-json\2.0.5.RELEASE\spring-boot-starter-json-2.0.5.RELEASE.jar;C:\Users\kwong\.m2\repository\com\fasterxml\jackson\core\jackson-databind\2.9.6\jackson-databind-2.9.6.jar;C:\Users\kwong\.m2\repository\com\fasterxml\jackson\core\jackson-annotations\2.9.0\jackson-annotations-2.9.0.jar;C:\Users\kwong\.m2\repository\com\fasterxml\jackson\core\jackson-core\2.9.6\jackson-core-2.9.6.jar;C:\Users\kwong\.m2\repository\com\fasterxml\jackson\datatype\jackson-datatype-jdk8\2.9.6\jackson-datatype-jdk8-2.9.6.jar;C:\Users\kwong\.m2\repository\com\fasterxml\jackson\datatype\jackson-datatype-jsr310\2.9.6\jackson-datatype-jsr310-2.9.6.jar;C:\Users\kwong\.m2\repository\com\fasterxml\jackson\module\jackson-module-parameter-names\2.9.6\jackson-module-parameter-names-2.9.6.jar;C:\U
Launcher Type: SUN_STANDARD

Environment Variables:
PATH=C:/Program Files/Java/jre1.8.0_181/bin/server;C:/Program Files/Java/jre1.8.0_181/bin;C:/Program Files/Java/jre1.8.0_181/lib/amd64;C:\Program Files (x86)\Common Files\Oracle\Java\javapath;C:\WINDOWS\system32;C:\WINDOWS;C:\WINDOWS\System32\Wbem;C:\WINDOWS\System32\WindowsPowerShell\v1.0\;C:\WINDOWS\System32\OpenSSH\;I:\Program Files (x86)\Git\cmd;I:\Program Files\Microsoft SQL Server\110\DTS\Binn\;I:\Program Files (x86)\Microsoft SQL Server\110\Tools\Binn\;I:\Program Files\Microsoft SQL Server\110\Tools\Binn\;I:\Program Files (x86)\Microsoft SQL Server\110\Tools\Binn\ManagementStudio\;C:\Program Files (x86)\Microsoft Visual Studio 10.0\Common7\IDE\PrivateAssemblies\;I:\Program Files (x86)\Microsoft SQL Server\110\DTS\Binn\;C:\Users\kwong\AppData\Local\Microsoft\WindowsApps;;I:\Program Files (x86)\Microsoft VS Code\bin;C:\Users\kwong\Desktop;
USERNAME=kwong
OS=Windows_NT
PROCESSOR_IDENTIFIER=Intel64 Family 6 Model 60 Stepping 3, GenuineIntel



---------------  S Y S T E M  ---------------

OS: Windows 10.0 , 64 bit Build 17134 (10.0.17134.1)

CPU:total 8 (initial active 8) (4 cores per cpu, 2 threads per core) family 6 model 60 stepping 3, cmov, cx8, fxsr, mmx, sse, sse2, sse3, ssse3, sse4.1, sse4.2, popcnt, avx, avx2, aes, clmul, erms, lzcnt, ht, tsc, tscinvbit, bmi1, bmi2

Memory: 4k page, physical 8245872k(809256k free), swap 25285356k(5364k free)

vm_info: Java HotSpot(TM) 64-Bit Server VM (25.181-b13) for windows-amd64 JRE (1.8.0_181-b13), built on Jul  7 2018 04:01:33 by "java_re" with MS VC++ 10.0 (VS2010)

time: Tue Oct 09 15:14:56 2018
elapsed time: 4 seconds (0d 0h 0m 4s)

